<?xml version="1.0" encoding="UTF-8"?>
<!-- Generated by org.testng.reporters.JUnitReportReporter -->
<testsuite skipped="0" hostname="DES-WIP-073" name="module.Login$Loginuser" tests="1" failures="0" timestamp="26 May 2022 11:23:00 GMT" time="31.819" errors="0">
  <testcase name="Login" time="31.819" classname="module.Login$Loginuser"/>
</testsuite> <!-- module.Login$Loginuser -->
